<?xml version="1.0" encoding="UTF-8"?>
<testng-results ignored="0" total="1" passed="1" failed="0" skipped="0">
  <reporter-output>
  </reporter-output>
  <suite started-at="2023-02-08T22:57:51 GMT-08:00" name="Default suite" finished-at="2023-02-08T22:58:20 GMT-08:00" duration-ms="28802">
    <groups>
    </groups>
    <test started-at="2023-02-08T22:57:51 GMT-08:00" name="Default test" finished-at="2023-02-08T22:58:20 GMT-08:00" duration-ms="28802">
      <class name="org.example.eCommerce_Problem1">
        <test-method is-config="true" signature="ConfigureAppium()[pri:0, instance:org.example.eCommerce_Problem1@7161d8d1]" started-at="2023-02-08T22:57:51 GMT-08:00" name="ConfigureAppium" finished-at="2023-02-08T22:58:01 GMT-08:00" duration-ms="10159" status="PASS">
          <reporter-output>
          </reporter-output>
        </test-method> <!-- ConfigureAppium -->
        <test-method is-config="true" signature="preSetup()[pri:0, instance:org.example.eCommerce_Problem1@7161d8d1]" started-at="2023-02-08T22:58:01 GMT-08:00" name="preSetup" finished-at="2023-02-08T22:58:05 GMT-08:00" duration-ms="4258" status="PASS">
          <reporter-output>
          </reporter-output>
        </test-method> <!-- preSetup -->
        <test-method signature="FillForm_ErrorValidation()[pri:0, instance:org.example.eCommerce_Problem1@7161d8d1]" started-at="2023-02-08T22:58:05 GMT-08:00" name="FillForm_ErrorValidation" finished-at="2023-02-08T22:58:20 GMT-08:00" duration-ms="14350" status="PASS">
          <reporter-output>
          </reporter-output>
        </test-method> <!-- FillForm_ErrorValidation -->
        <test-method is-config="true" signature="tearDown()[pri:0, instance:org.example.eCommerce_Problem1@7161d8d1]" started-at="2023-02-08T22:58:20 GMT-08:00" name="tearDown" finished-at="2023-02-08T22:58:20 GMT-08:00" duration-ms="0" status="PASS">
          <reporter-output>
          </reporter-output>
        </test-method> <!-- tearDown -->
      </class> <!-- org.example.eCommerce_Problem1 -->
    </test> <!-- Default test -->
  </suite> <!-- Default suite -->
</testng-results>
